# JRE version: OpenJDK Runtime Environment Temurin-17.0.13+11 (17.0.13+11) (build 17.0.13+11)
# Java VM: OpenJDK 64-Bit Server VM Temurin-17.0.13+11 (17.0.13+11, mixed mode, tiered, compressed oops, compressed class ptrs, parallel gc, windows-amd64)
GC Precious Log:
 CPUs: 8 total, 8 available
 Memory: 7975M
 Large Page Support: Disabled
 NUMA Support: Disabled
 Compressed Oops: Enabled (32-bit)
 Alignments: Space 512K, Generation 512K, Heap 2M
 Heap Min Capacity: 100M
 Heap Initial Capacity: 100M
 Heap Max Capacity: 1G
 Pre-touch: Disabled
 Parallel Workers: 8
Heap:
 PSYoungGen      total 2560K, used 2144K [0x00000000eab00000, 0x00000000eae80000, 0x0000000100000000)
  eden space 1536K, 100% used [0x00000000eab00000,0x00000000eac80000,0x00000000eac80000)
  from space 1024K, 59% used [0x00000000ead80000,0x00000000eae18000,0x00000000eae80000)
  to   space 1024K, 0% used [0x00000000eac80000,0x00000000eac80000,0x00000000ead80000)
 ParOldGen       total 172032K, used 158855K [0x00000000c0000000, 0x00000000ca800000, 0x00000000eab00000)
  object space 172032K, 92% used [0x00000000c0000000,0x00000000c9b21d78,0x00000000ca800000)
 Metaspace       used 67279K, committed 68480K, reserved 1114112K
  class space    used 7039K, committed 7616K, reserved 1048576K
GC Heap History (20 events):
Event: 36.656 GC heap before
{Heap before GC invocations=203 (full 7):
 PSYoungGen      total 2560K, used 2015K [0x00000000eab00000, 0x00000000eae80000, 0x0000000100000000)
  eden space 1536K, 100% used [0x00000000eab00000,0x00000000eac80000,0x00000000eac80000)
  from space 1024K, 46% used [0x00000000ead80000,0x00000000eadf7ef8,0x00000000eae80000)
  to   space 1024K, 0% used [0x00000000eac80000,0x00000000eac80000,0x00000000ead80000)
 ParOldGen       total 172032K, used 155540K [0x00000000c0000000, 0x00000000ca800000, 0x00000000eab00000)
  object space 172032K, 90% used [0x00000000c0000000,0x00000000c97e5088,0x00000000ca800000)
 Metaspace       used 67075K, committed 68224K, reserved 1114112K
  class space    used 7012K, committed 7552K, reserved 1048576K
}
Event: 36.660 GC heap after
{Heap after GC invocations=203 (full 7):
 PSYoungGen      total 2560K, used 480K [0x00000000eab00000, 0x00000000eae00000, 0x0000000100000000)
  eden space 1536K, 0% used [0x00000000eab00000,0x00000000eab00000,0x00000000eac80000)
  from space 1024K, 46% used [0x00000000eac80000,0x00000000eacf8000,0x00000000ead80000)
  to   space 512K, 0% used [0x00000000ead80000,0x00000000ead80000,0x00000000eae00000)
 ParOldGen       total 172032K, used 155880K [0x00000000c0000000, 0x00000000ca800000, 0x00000000eab00000)
  object space 172032K, 90% used [0x00000000c0000000,0x00000000c983a270,0x00000000ca800000)
 Metaspace       used 67075K, committed 68224K, reserved 1114112K
  class space    used 7012K, committed 7552K, reserved 1048576K
}
Event: 36.670 GC heap before
{Heap before GC invocations=204 (full 7):
 PSYoungGen      total 2560K, used 2010K [0x00000000eab00000, 0x00000000eae00000, 0x0000000100000000)
  eden space 1536K, 99% used [0x00000000eab00000,0x00000000eac7eac8,0x00000000eac80000)
  from space 1024K, 46% used [0x00000000eac80000,0x00000000eacf8000,0x00000000ead80000)
  to   space 512K, 0% used [0x00000000ead80000,0x00000000ead80000,0x00000000eae00000)
 ParOldGen       total 172032K, used 155880K [0x00000000c0000000, 0x00000000ca800000, 0x00000000eab00000)
  object space 172032K, 90% used [0x00000000c0000000,0x00000000c983a270,0x00000000ca800000)
 Metaspace       used 67077K, committed 68224K, reserved 1114112K
  class space    used 7012K, committed 7552K, reserved 1048576K
}
Event: 36.673 GC heap after
{Heap after GC invocations=204 (full 7):
 PSYoungGen      total 2048K, used 480K [0x00000000eab00000, 0x00000000eae80000, 0x0000000100000000)
  eden space 1536K, 0% used [0x00000000eab00000,0x00000000eab00000,0x00000000eac80000)
  from space 512K, 93% used [0x00000000ead80000,0x00000000eadf82f0,0x00000000eae00000)
  to   space 1024K, 0% used [0x00000000eac80000,0x00000000eac80000,0x00000000ead80000)
 ParOldGen       total 172032K, used 156242K [0x00000000c0000000, 0x00000000ca800000, 0x00000000eab00000)
  object space 172032K, 90% used [0x00000000c0000000,0x00000000c9894850,0x00000000ca800000)
 Metaspace       used 67077K, committed 68224K, reserved 1114112K
  class space    used 7012K, committed 7552K, reserved 1048576K
}
Event: 36.720 GC heap before
{Heap before GC invocations=205 (full 7):
 PSYoungGen      total 2048K, used 2016K [0x00000000eab00000, 0x00000000eae80000, 0x0000000100000000)
  eden space 1536K, 100% used [0x00000000eab00000,0x00000000eac80000,0x00000000eac80000)
  from space 512K, 93% used [0x00000000ead80000,0x00000000eadf82f0,0x00000000eae00000)
  to   space 1024K, 0% used [0x00000000eac80000,0x00000000eac80000,0x00000000ead80000)
 ParOldGen       total 172032K, used 156242K [0x00000000c0000000, 0x00000000ca800000, 0x00000000eab00000)
  object space 172032K, 90% used [0x00000000c0000000,0x00000000c9894850,0x00000000ca800000)
 Metaspace       used 67084K, committed 68224K, reserved 1114112K
  class space    used 7012K, committed 7552K, reserved 1048576K
}
Event: 36.722 GC heap after
{Heap after GC invocations=205 (full 7):
 PSYoungGen      total 2560K, used 497K [0x00000000eab00000, 0x00000000eae80000, 0x0000000100000000)
  eden space 1536K, 0% used [0x00000000eab00000,0x00000000eab00000,0x00000000eac80000)
  from space 1024K, 48% used [0x00000000eac80000,0x00000000eacfc528,0x00000000ead80000)
  to   space 1024K, 0% used [0x00000000ead80000,0x00000000ead80000,0x00000000eae80000)
 ParOldGen       total 172032K, used 156704K [0x00000000c0000000, 0x00000000ca800000, 0x00000000eab00000)
  object space 172032K, 91% used [0x00000000c0000000,0x00000000c99083e0,0x00000000ca800000)
 Metaspace       used 67084K, committed 68224K, reserved 1114112K
  class space    used 7012K, committed 7552K, reserved 1048576K
}
Event: 37.004 GC heap before
{Heap before GC invocations=206 (full 7):
 PSYoungGen      total 2560K, used 2033K [0x00000000eab00000, 0x00000000eae80000, 0x0000000100000000)
  eden space 1536K, 99% used [0x00000000eab00000,0x00000000eac7fff0,0x00000000eac80000)
  from space 1024K, 48% used [0x00000000eac80000,0x00000000eacfc528,0x00000000ead80000)
  to   space 1024K, 0% used [0x00000000ead80000,0x00000000ead80000,0x00000000eae80000)
 ParOldGen       total 172032K, used 156704K [0x00000000c0000000, 0x00000000ca800000, 0x00000000eab00000)
  object space 172032K, 91% used [0x00000000c0000000,0x00000000c99083e0,0x00000000ca800000)
 Metaspace       used 67089K, committed 68224K, reserved 1114112K
  class space    used 7012K, committed 7552K, reserved 1048576K
}
Event: 37.006 GC heap after
{Heap after GC invocations=206 (full 7):
 PSYoungGen      total 2560K, used 510K [0x00000000eab00000, 0x00000000eae80000, 0x0000000100000000)
  eden space 1536K, 0% used [0x00000000eab00000,0x00000000eab00000,0x00000000eac80000)
  from space 1024K, 49% used [0x00000000ead80000,0x00000000eadff9a8,0x00000000eae80000)
  to   space 1024K, 0% used [0x00000000eac80000,0x00000000eac80000,0x00000000ead80000)
 ParOldGen       total 172032K, used 157084K [0x00000000c0000000, 0x00000000ca800000, 0x00000000eab00000)
  object space 172032K, 91% used [0x00000000c0000000,0x00000000c9967300,0x00000000ca800000)
 Metaspace       used 67089K, committed 68224K, reserved 1114112K
  class space    used 7012K, committed 7552K, reserved 1048576K
}
Event: 37.089 GC heap before
{Heap before GC invocations=207 (full 7):
 PSYoungGen      total 2560K, used 2041K [0x00000000eab00000, 0x00000000eae80000, 0x0000000100000000)
  eden space 1536K, 99% used [0x00000000eab00000,0x00000000eac7ed80,0x00000000eac80000)
  from space 1024K, 49% used [0x00000000ead80000,0x00000000eadff9a8,0x00000000eae80000)
  to   space 1024K, 0% used [0x00000000eac80000,0x00000000eac80000,0x00000000ead80000)
 ParOldGen       total 172032K, used 157084K [0x00000000c0000000, 0x00000000ca800000, 0x00000000eab00000)
  object space 172032K, 91% used [0x00000000c0000000,0x00000000c9967300,0x00000000ca800000)
 Metaspace       used 67132K, committed 68352K, reserved 1114112K
  class space    used 7016K, committed 7616K, reserved 1048576K
}
Event: 37.093 GC heap after
{Heap after GC invocations=207 (full 7):
 PSYoungGen      total 2560K, used 424K [0x00000000eab00000, 0x00000000eae00000, 0x0000000100000000)
  eden space 1536K, 0% used [0x00000000eab00000,0x00000000eab00000,0x00000000eac80000)
  from space 1024K, 41% used [0x00000000eac80000,0x00000000eacea318,0x00000000ead80000)
  to   space 512K, 0% used [0x00000000ead80000,0x00000000ead80000,0x00000000eae00000)
 ParOldGen       total 172032K, used 157469K [0x00000000c0000000, 0x00000000ca800000, 0x00000000eab00000)
  object space 172032K, 91% used [0x00000000c0000000,0x00000000c99c7430,0x00000000ca800000)
 Metaspace       used 67132K, committed 68352K, reserved 1114112K
  class space    used 7016K, committed 7616K, reserved 1048576K
}
Event: 37.166 GC heap before
{Heap before GC invocations=208 (full 7):
 PSYoungGen      total 2560K, used 1956K [0x00000000eab00000, 0x00000000eae00000, 0x0000000100000000)
  eden space 1536K, 99% used [0x00000000eab00000,0x00000000eac7ee18,0x00000000eac80000)
  from space 1024K, 41% used [0x00000000eac80000,0x00000000eacea318,0x00000000ead80000)
  to   space 512K, 0% used [0x00000000ead80000,0x00000000ead80000,0x00000000eae00000)
 ParOldGen       total 172032K, used 157469K [0x00000000c0000000, 0x00000000ca800000, 0x00000000eab00000)
  object space 172032K, 91% used [0x00000000c0000000,0x00000000c99c7430,0x00000000ca800000)
 Metaspace       used 67222K, committed 68416K, reserved 1114112K
  class space    used 7032K, committed 7616K, reserved 1048576K
}
Event: 37.168 GC heap after
{Heap after GC invocations=208 (full 7):
 PSYoungGen      total 2048K, used 384K [0x00000000eab00000, 0x00000000eae00000, 0x0000000100000000)
  eden space 1536K, 0% used [0x00000000eab00000,0x00000000eab00000,0x00000000eac80000)
  from space 512K, 75% used [0x00000000ead80000,0x00000000eade0000,0x00000000eae00000)
  to   space 512K, 0% used [0x00000000ead00000,0x00000000ead00000,0x00000000ead80000)
 ParOldGen       total 172032K, used 157725K [0x00000000c0000000, 0x00000000ca800000, 0x00000000eab00000)
  object space 172032K, 91% used [0x00000000c0000000,0x00000000c9a07748,0x00000000ca800000)
 Metaspace       used 67222K, committed 68416K, reserved 1114112K
  class space    used 7032K, committed 7616K, reserved 1048576K
}
Event: 37.227 GC heap before
{Heap before GC invocations=209 (full 7):
 PSYoungGen      total 2048K, used 1920K [0x00000000eab00000, 0x00000000eae00000, 0x0000000100000000)
  eden space 1536K, 100% used [0x00000000eab00000,0x00000000eac80000,0x00000000eac80000)
  from space 512K, 75% used [0x00000000ead80000,0x00000000eade0000,0x00000000eae00000)
  to   space 512K, 0% used [0x00000000ead00000,0x00000000ead00000,0x00000000ead80000)
 ParOldGen       total 172032K, used 157725K [0x00000000c0000000, 0x00000000ca800000, 0x00000000eab00000)
  object space 172032K, 91% used [0x00000000c0000000,0x00000000c9a07748,0x00000000ca800000)
 Metaspace       used 67262K, committed 68416K, reserved 1114112K
  class space    used 7038K, committed 7616K, reserved 1048576K
}
Event: 37.230 GC heap after
{Heap after GC invocations=209 (full 7):
 PSYoungGen      total 2048K, used 384K [0x00000000eab00000, 0x00000000eae00000, 0x0000000100000000)
  eden space 1536K, 0% used [0x00000000eab00000,0x00000000eab00000,0x00000000eac80000)
  from space 512K, 75% used [0x00000000ead00000,0x00000000ead60238,0x00000000ead80000)
  to   space 512K, 0% used [0x00000000ead80000,0x00000000ead80000,0x00000000eae00000)
 ParOldGen       total 172032K, used 158023K [0x00000000c0000000, 0x00000000ca800000, 0x00000000eab00000)
  object space 172032K, 91% used [0x00000000c0000000,0x00000000c9a51e58,0x00000000ca800000)
 Metaspace       used 67262K, committed 68416K, reserved 1114112K
  class space    used 7038K, committed 7616K, reserved 1048576K
}
Event: 37.281 GC heap before
{Heap before GC invocations=210 (full 7):
 PSYoungGen      total 2048K, used 1920K [0x00000000eab00000, 0x00000000eae00000, 0x0000000100000000)
  eden space 1536K, 100% used [0x00000000eab00000,0x00000000eac80000,0x00000000eac80000)
  from space 512K, 75% used [0x00000000ead00000,0x00000000ead60238,0x00000000ead80000)
  to   space 512K, 0% used [0x00000000ead80000,0x00000000ead80000,0x00000000eae00000)
 ParOldGen       total 172032K, used 158023K [0x00000000c0000000, 0x00000000ca800000, 0x00000000eab00000)
  object space 172032K, 91% used [0x00000000c0000000,0x00000000c9a51e58,0x00000000ca800000)
 Metaspace       used 67264K, committed 68416K, reserved 1114112K
  class space    used 7038K, committed 7616K, reserved 1048576K
}
Event: 37.282 GC heap after
{Heap after GC invocations=210 (full 7):
 PSYoungGen      total 2048K, used 506K [0x00000000eab00000, 0x00000000eae80000, 0x0000000100000000)
  eden space 1536K, 0% used [0x00000000eab00000,0x00000000eab00000,0x00000000eac80000)
  from space 512K, 99% used [0x00000000ead80000,0x00000000eadfebe0,0x00000000eae00000)
  to   space 1024K, 0% used [0x00000000eac80000,0x00000000eac80000,0x00000000ead80000)
 ParOldGen       total 172032K, used 158240K [0x00000000c0000000, 0x00000000ca800000, 0x00000000eab00000)
  object space 172032K, 91% used [0x00000000c0000000,0x00000000c9a88168,0x00000000ca800000)
 Metaspace       used 67264K, committed 68416K, reserved 1114112K
  class space    used 7038K, committed 7616K, reserved 1048576K
}
Event: 37.300 GC heap before
{Heap before GC invocations=211 (full 7):
 PSYoungGen      total 2048K, used 2042K [0x00000000eab00000, 0x00000000eae80000, 0x0000000100000000)
  eden space 1536K, 99% used [0x00000000eab00000,0x00000000eac7fff8,0x00000000eac80000)
  from space 512K, 99% used [0x00000000ead80000,0x00000000eadfebe0,0x00000000eae00000)
  to   space 1024K, 0% used [0x00000000eac80000,0x00000000eac80000,0x00000000ead80000)
 ParOldGen       total 172032K, used 158240K [0x00000000c0000000, 0x00000000ca800000, 0x00000000eab00000)
  object space 172032K, 91% used [0x00000000c0000000,0x00000000c9a88168,0x00000000ca800000)
 Metaspace       used 67269K, committed 68480K, reserved 1114112K
  class space    used 7038K, committed 7616K, reserved 1048576K
}
Event: 37.305 GC heap after
{Heap after GC invocations=211 (full 7):
 PSYoungGen      total 2560K, used 688K [0x00000000eab00000, 0x00000000eae80000, 0x0000000100000000)
  eden space 1536K, 0% used [0x00000000eab00000,0x00000000eab00000,0x00000000eac80000)
  from space 1024K, 67% used [0x00000000eac80000,0x00000000ead2c010,0x00000000ead80000)
  to   space 1024K, 0% used [0x00000000ead80000,0x00000000ead80000,0x00000000eae80000)
 ParOldGen       total 172032K, used 158647K [0x00000000c0000000, 0x00000000ca800000, 0x00000000eab00000)
  object space 172032K, 92% used [0x00000000c0000000,0x00000000c9aedd78,0x00000000ca800000)
 Metaspace       used 67269K, committed 68480K, reserved 1114112K
  class space    used 7038K, committed 7616K, reserved 1048576K
}
Event: 37.380 GC heap before
{Heap before GC invocations=212 (full 7):
 PSYoungGen      total 2560K, used 2224K [0x00000000eab00000, 0x00000000eae80000, 0x0000000100000000)
  eden space 1536K, 100% used [0x00000000eab00000,0x00000000eac80000,0x00000000eac80000)
  from space 1024K, 67% used [0x00000000eac80000,0x00000000ead2c010,0x00000000ead80000)
  to   space 1024K, 0% used [0x00000000ead80000,0x00000000ead80000,0x00000000eae80000)
 ParOldGen       total 172032K, used 158647K [0x00000000c0000000, 0x00000000ca800000, 0x00000000eab00000)
  object space 172032K, 92% used [0x00000000c0000000,0x00000000c9aedd78,0x00000000ca800000)
 Metaspace       used 67277K, committed 68480K, reserved 1114112K
  class space    used 7039K, committed 7616K, reserved 1048576K
}
Event: 37.383 GC heap after
{Heap after GC invocations=212 (full 7):
 PSYoungGen      total 2560K, used 608K [0x00000000eab00000, 0x00000000eae80000, 0x0000000100000000)
  eden space 1536K, 0% used [0x00000000eab00000,0x00000000eab00000,0x00000000eac80000)
  from space 1024K, 59% used [0x00000000ead80000,0x00000000eae18000,0x00000000eae80000)
  to   space 1024K, 0% used [0x00000000eac80000,0x00000000eac80000,0x00000000ead80000)
 ParOldGen       total 172032K, used 158855K [0x00000000c0000000, 0x00000000ca800000, 0x00000000eab00000)
  object space 172032K, 92% used [0x00000000c0000000,0x00000000c9b21d78,0x00000000ca800000)
 Metaspace       used 67277K, committed 68480K, reserved 1114112K
  class space    used 7039K, committed 7616K, reserved 1048576K
}

