# JRE version: OpenJDK Runtime Environment Temurin-17.0.13+11 (17.0.13+11) (build 17.0.13+11)
# Java VM: OpenJDK 64-Bit Server VM Temurin-17.0.13+11 (17.0.13+11, mixed mode, tiered, compressed oops, compressed class ptrs, parallel gc, windows-amd64)
GC Precious Log:
 CPUs: 8 total, 8 available
 Memory: 7975M
 Large Page Support: Disabled
 NUMA Support: Disabled
 Compressed Oops: Enabled (32-bit)
 Alignments: Space 512K, Generation 512K, Heap 2M
 Heap Min Capacity: 100M
 Heap Initial Capacity: 100M
 Heap Max Capacity: 1G
 Pre-touch: Disabled
 Parallel Workers: 8
Heap:
 PSYoungGen      total 7680K, used 3590K [0x00000000eab00000, 0x00000000eb480000, 0x0000000100000000)
  eden space 6656K, 45% used [0x00000000eab00000,0x00000000eadf1940,0x00000000eb180000)
  from space 1024K, 56% used [0x00000000eb380000,0x00000000eb410000,0x00000000eb480000)
  to   space 1536K, 0% used [0x00000000eb180000,0x00000000eb180000,0x00000000eb300000)
 ParOldGen       total 228352K, used 212542K [0x00000000c0000000, 0x00000000cdf00000, 0x00000000eab00000)
  object space 228352K, 93% used [0x00000000c0000000,0x00000000ccf8fbd0,0x00000000cdf00000)
 Metaspace       used 71319K, committed 72704K, reserved 1114112K
  class space    used 7505K, committed 8128K, reserved 1048576K
GC Heap History (20 events):
Event: 64.738 GC heap before
{Heap before GC invocations=406 (full 14):
 PSYoungGen      total 8192K, used 7864K [0x00000000eab00000, 0x00000000eb580000, 0x0000000100000000)
  eden space 6144K, 100% used [0x00000000eab00000,0x00000000eb100000,0x00000000eb100000)
  from space 2048K, 83% used [0x00000000eb380000,0x00000000eb52e008,0x00000000eb580000)
  to   space 2048K, 0% used [0x00000000eb180000,0x00000000eb180000,0x00000000eb380000)
 ParOldGen       total 228352K, used 200783K [0x00000000c0000000, 0x00000000cdf00000, 0x00000000eab00000)
  object space 228352K, 87% used [0x00000000c0000000,0x00000000cc413ca0,0x00000000cdf00000)
 Metaspace       used 71177K, committed 72576K, reserved 1114112K
  class space    used 7498K, committed 8128K, reserved 1048576K
}
Event: 64.742 GC heap after
{Heap after GC invocations=406 (full 14):
 PSYoungGen      total 8704K, used 782K [0x00000000eab00000, 0x00000000eb500000, 0x0000000100000000)
  eden space 6656K, 0% used [0x00000000eab00000,0x00000000eab00000,0x00000000eb180000)
  from space 2048K, 38% used [0x00000000eb180000,0x00000000eb243838,0x00000000eb380000)
  to   space 1536K, 0% used [0x00000000eb380000,0x00000000eb380000,0x00000000eb500000)
 ParOldGen       total 228352K, used 202383K [0x00000000c0000000, 0x00000000cdf00000, 0x00000000eab00000)
  object space 228352K, 88% used [0x00000000c0000000,0x00000000cc5a3ca8,0x00000000cdf00000)
 Metaspace       used 71177K, committed 72576K, reserved 1114112K
  class space    used 7498K, committed 8128K, reserved 1048576K
}
Event: 64.801 GC heap before
{Heap before GC invocations=407 (full 14):
 PSYoungGen      total 8704K, used 7438K [0x00000000eab00000, 0x00000000eb500000, 0x0000000100000000)
  eden space 6656K, 100% used [0x00000000eab00000,0x00000000eb180000,0x00000000eb180000)
  from space 2048K, 38% used [0x00000000eb180000,0x00000000eb243838,0x00000000eb380000)
  to   space 1536K, 0% used [0x00000000eb380000,0x00000000eb380000,0x00000000eb500000)
 ParOldGen       total 228352K, used 202383K [0x00000000c0000000, 0x00000000cdf00000, 0x00000000eab00000)
  object space 228352K, 88% used [0x00000000c0000000,0x00000000cc5a3ca8,0x00000000cdf00000)
 Metaspace       used 71177K, committed 72576K, reserved 1114112K
  class space    used 7498K, committed 8128K, reserved 1048576K
}
Event: 64.803 GC heap after
{Heap after GC invocations=407 (full 14):
 PSYoungGen      total 8192K, used 1110K [0x00000000eab00000, 0x00000000eb500000, 0x0000000100000000)
  eden space 6656K, 0% used [0x00000000eab00000,0x00000000eab00000,0x00000000eb180000)
  from space 1536K, 72% used [0x00000000eb380000,0x00000000eb495808,0x00000000eb500000)
  to   space 1536K, 0% used [0x00000000eb200000,0x00000000eb200000,0x00000000eb380000)
 ParOldGen       total 228352K, used 203039K [0x00000000c0000000, 0x00000000cdf00000, 0x00000000eab00000)
  object space 228352K, 88% used [0x00000000c0000000,0x00000000cc647cb8,0x00000000cdf00000)
 Metaspace       used 71177K, committed 72576K, reserved 1114112K
  class space    used 7498K, committed 8128K, reserved 1048576K
}
Event: 64.869 GC heap before
{Heap before GC invocations=408 (full 14):
 PSYoungGen      total 8192K, used 7766K [0x00000000eab00000, 0x00000000eb500000, 0x0000000100000000)
  eden space 6656K, 100% used [0x00000000eab00000,0x00000000eb180000,0x00000000eb180000)
  from space 1536K, 72% used [0x00000000eb380000,0x00000000eb495808,0x00000000eb500000)
  to   space 1536K, 0% used [0x00000000eb200000,0x00000000eb200000,0x00000000eb380000)
 ParOldGen       total 228352K, used 203039K [0x00000000c0000000, 0x00000000cdf00000, 0x00000000eab00000)
  object space 228352K, 88% used [0x00000000c0000000,0x00000000cc647cb8,0x00000000cdf00000)
 Metaspace       used 71177K, committed 72576K, reserved 1114112K
  class space    used 7498K, committed 8128K, reserved 1048576K
}
Event: 64.873 GC heap after
{Heap after GC invocations=408 (full 14):
 PSYoungGen      total 8192K, used 1526K [0x00000000eab00000, 0x00000000eb680000, 0x0000000100000000)
  eden space 6656K, 0% used [0x00000000eab00000,0x00000000eab00000,0x00000000eb180000)
  from space 1536K, 99% used [0x00000000eb200000,0x00000000eb37d808,0x00000000eb380000)
  to   space 2560K, 0% used [0x00000000eb400000,0x00000000eb400000,0x00000000eb680000)
 ParOldGen       total 228352K, used 203423K [0x00000000c0000000, 0x00000000cdf00000, 0x00000000eab00000)
  object space 228352K, 89% used [0x00000000c0000000,0x00000000cc6a7cb8,0x00000000cdf00000)
 Metaspace       used 71177K, committed 72576K, reserved 1114112K
  class space    used 7498K, committed 8128K, reserved 1048576K
}
Event: 64.943 GC heap before
{Heap before GC invocations=409 (full 14):
 PSYoungGen      total 8192K, used 8182K [0x00000000eab00000, 0x00000000eb680000, 0x0000000100000000)
  eden space 6656K, 100% used [0x00000000eab00000,0x00000000eb180000,0x00000000eb180000)
  from space 1536K, 99% used [0x00000000eb200000,0x00000000eb37d808,0x00000000eb380000)
  to   space 2560K, 0% used [0x00000000eb400000,0x00000000eb400000,0x00000000eb680000)
 ParOldGen       total 228352K, used 203423K [0x00000000c0000000, 0x00000000cdf00000, 0x00000000eab00000)
  object space 228352K, 89% used [0x00000000c0000000,0x00000000cc6a7cb8,0x00000000cdf00000)
 Metaspace       used 71177K, committed 72576K, reserved 1114112K
  class space    used 7498K, committed 8128K, reserved 1048576K
}
Event: 64.946 GC heap after
{Heap after GC invocations=409 (full 14):
 PSYoungGen      total 8192K, used 1132K [0x00000000eab00000, 0x00000000eb580000, 0x0000000100000000)
  eden space 6656K, 0% used [0x00000000eab00000,0x00000000eab00000,0x00000000eb180000)
  from space 1536K, 73% used [0x00000000eb400000,0x00000000eb51b008,0x00000000eb580000)
  to   space 1536K, 0% used [0x00000000eb200000,0x00000000eb200000,0x00000000eb380000)
 ParOldGen       total 228352K, used 204951K [0x00000000c0000000, 0x00000000cdf00000, 0x00000000eab00000)
  object space 228352K, 89% used [0x00000000c0000000,0x00000000cc825cb8,0x00000000cdf00000)
 Metaspace       used 71177K, committed 72576K, reserved 1114112K
  class space    used 7498K, committed 8128K, reserved 1048576K
}
Event: 65.014 GC heap before
{Heap before GC invocations=410 (full 14):
 PSYoungGen      total 8192K, used 7788K [0x00000000eab00000, 0x00000000eb580000, 0x0000000100000000)
  eden space 6656K, 100% used [0x00000000eab00000,0x00000000eb180000,0x00000000eb180000)
  from space 1536K, 73% used [0x00000000eb400000,0x00000000eb51b008,0x00000000eb580000)
  to   space 1536K, 0% used [0x00000000eb200000,0x00000000eb200000,0x00000000eb380000)
 ParOldGen       total 228352K, used 204951K [0x00000000c0000000, 0x00000000cdf00000, 0x00000000eab00000)
  object space 228352K, 89% used [0x00000000c0000000,0x00000000cc825cb8,0x00000000cdf00000)
 Metaspace       used 71177K, committed 72576K, reserved 1114112K
  class space    used 7498K, committed 8128K, reserved 1048576K
}
Event: 65.018 GC heap after
{Heap after GC invocations=410 (full 14):
 PSYoungGen      total 8192K, used 1516K [0x00000000eab00000, 0x00000000eb580000, 0x0000000100000000)
  eden space 6656K, 0% used [0x00000000eab00000,0x00000000eab00000,0x00000000eb180000)
  from space 1536K, 98% used [0x00000000eb200000,0x00000000eb37b008,0x00000000eb380000)
  to   space 2048K, 0% used [0x00000000eb380000,0x00000000eb380000,0x00000000eb580000)
 ParOldGen       total 228352K, used 205327K [0x00000000c0000000, 0x00000000cdf00000, 0x00000000eab00000)
  object space 228352K, 89% used [0x00000000c0000000,0x00000000cc883cb8,0x00000000cdf00000)
 Metaspace       used 71177K, committed 72576K, reserved 1114112K
  class space    used 7498K, committed 8128K, reserved 1048576K
}
Event: 65.075 GC heap before
{Heap before GC invocations=411 (full 14):
 PSYoungGen      total 8192K, used 8172K [0x00000000eab00000, 0x00000000eb580000, 0x0000000100000000)
  eden space 6656K, 100% used [0x00000000eab00000,0x00000000eb180000,0x00000000eb180000)
  from space 1536K, 98% used [0x00000000eb200000,0x00000000eb37b008,0x00000000eb380000)
  to   space 2048K, 0% used [0x00000000eb380000,0x00000000eb380000,0x00000000eb580000)
 ParOldGen       total 228352K, used 205327K [0x00000000c0000000, 0x00000000cdf00000, 0x00000000eab00000)
  object space 228352K, 89% used [0x00000000c0000000,0x00000000cc883cb8,0x00000000cdf00000)
 Metaspace       used 71177K, committed 72576K, reserved 1114112K
  class space    used 7498K, committed 8128K, reserved 1048576K
}
Event: 65.077 GC heap after
{Heap after GC invocations=411 (full 14):
 PSYoungGen      total 8192K, used 1056K [0x00000000eab00000, 0x00000000eb500000, 0x0000000100000000)
  eden space 6656K, 0% used [0x00000000eab00000,0x00000000eab00000,0x00000000eb180000)
  from space 1536K, 68% used [0x00000000eb380000,0x00000000eb488000,0x00000000eb500000)
  to   space 1536K, 0% used [0x00000000eb200000,0x00000000eb200000,0x00000000eb380000)
 ParOldGen       total 228352K, used 206848K [0x00000000c0000000, 0x00000000cdf00000, 0x00000000eab00000)
  object space 228352K, 90% used [0x00000000c0000000,0x00000000cca002d0,0x00000000cdf00000)
 Metaspace       used 71177K, committed 72576K, reserved 1114112K
  class space    used 7498K, committed 8128K, reserved 1048576K
}
Event: 65.156 GC heap before
{Heap before GC invocations=412 (full 14):
 PSYoungGen      total 8192K, used 7712K [0x00000000eab00000, 0x00000000eb500000, 0x0000000100000000)
  eden space 6656K, 100% used [0x00000000eab00000,0x00000000eb180000,0x00000000eb180000)
  from space 1536K, 68% used [0x00000000eb380000,0x00000000eb488000,0x00000000eb500000)
  to   space 1536K, 0% used [0x00000000eb200000,0x00000000eb200000,0x00000000eb380000)
 ParOldGen       total 228352K, used 206848K [0x00000000c0000000, 0x00000000cdf00000, 0x00000000eab00000)
  object space 228352K, 90% used [0x00000000c0000000,0x00000000cca002d0,0x00000000cdf00000)
 Metaspace       used 71177K, committed 72576K, reserved 1114112K
  class space    used 7498K, committed 8128K, reserved 1048576K
}
Event: 65.159 GC heap after
{Heap after GC invocations=412 (full 14):
 PSYoungGen      total 8192K, used 1536K [0x00000000eab00000, 0x00000000eb680000, 0x0000000100000000)
  eden space 6656K, 0% used [0x00000000eab00000,0x00000000eab00000,0x00000000eb180000)
  from space 1536K, 100% used [0x00000000eb200000,0x00000000eb380000,0x00000000eb380000)
  to   space 2560K, 0% used [0x00000000eb400000,0x00000000eb400000,0x00000000eb680000)
 ParOldGen       total 228352K, used 207392K [0x00000000c0000000, 0x00000000cdf00000, 0x00000000eab00000)
  object space 228352K, 90% used [0x00000000c0000000,0x00000000cca882d8,0x00000000cdf00000)
 Metaspace       used 71177K, committed 72576K, reserved 1114112K
  class space    used 7498K, committed 8128K, reserved 1048576K
}
Event: 65.208 GC heap before
{Heap before GC invocations=413 (full 14):
 PSYoungGen      total 8192K, used 8192K [0x00000000eab00000, 0x00000000eb680000, 0x0000000100000000)
  eden space 6656K, 100% used [0x00000000eab00000,0x00000000eb180000,0x00000000eb180000)
  from space 1536K, 100% used [0x00000000eb200000,0x00000000eb380000,0x00000000eb380000)
  to   space 2560K, 0% used [0x00000000eb400000,0x00000000eb400000,0x00000000eb680000)
 ParOldGen       total 228352K, used 207392K [0x00000000c0000000, 0x00000000cdf00000, 0x00000000eab00000)
  object space 228352K, 90% used [0x00000000c0000000,0x00000000cca882d8,0x00000000cdf00000)
 Metaspace       used 71177K, committed 72576K, reserved 1114112K
  class space    used 7498K, committed 8128K, reserved 1048576K
}
Event: 65.210 GC heap after
{Heap after GC invocations=413 (full 14):
 PSYoungGen      total 7680K, used 1024K [0x00000000eab00000, 0x00000000eb500000, 0x0000000100000000)
  eden space 6656K, 0% used [0x00000000eab00000,0x00000000eab00000,0x00000000eb180000)
  from space 1024K, 100% used [0x00000000eb400000,0x00000000eb500000,0x00000000eb500000)
  to   space 1536K, 0% used [0x00000000eb200000,0x00000000eb200000,0x00000000eb380000)
 ParOldGen       total 228352K, used 208912K [0x00000000c0000000, 0x00000000cdf00000, 0x00000000eab00000)
  object space 228352K, 91% used [0x00000000c0000000,0x00000000ccc042e8,0x00000000cdf00000)
 Metaspace       used 71177K, committed 72576K, reserved 1114112K
  class space    used 7498K, committed 8128K, reserved 1048576K
}
Event: 65.268 GC heap before
{Heap before GC invocations=414 (full 14):
 PSYoungGen      total 7680K, used 7680K [0x00000000eab00000, 0x00000000eb500000, 0x0000000100000000)
  eden space 6656K, 100% used [0x00000000eab00000,0x00000000eb180000,0x00000000eb180000)
  from space 1024K, 100% used [0x00000000eb400000,0x00000000eb500000,0x00000000eb500000)
  to   space 1536K, 0% used [0x00000000eb200000,0x00000000eb200000,0x00000000eb380000)
 ParOldGen       total 228352K, used 208912K [0x00000000c0000000, 0x00000000cdf00000, 0x00000000eab00000)
  object space 228352K, 91% used [0x00000000c0000000,0x00000000ccc042e8,0x00000000cdf00000)
 Metaspace       used 71177K, committed 72576K, reserved 1114112K
  class space    used 7498K, committed 8128K, reserved 1048576K
}
Event: 65.270 GC heap after
{Heap after GC invocations=414 (full 14):
 PSYoungGen      total 8192K, used 1536K [0x00000000eab00000, 0x00000000eb580000, 0x0000000100000000)
  eden space 6656K, 0% used [0x00000000eab00000,0x00000000eab00000,0x00000000eb180000)
  from space 1536K, 100% used [0x00000000eb200000,0x00000000eb380000,0x00000000eb380000)
  to   space 2048K, 0% used [0x00000000eb380000,0x00000000eb380000,0x00000000eb580000)
 ParOldGen       total 228352K, used 209192K [0x00000000c0000000, 0x00000000cdf00000, 0x00000000eab00000)
  object space 228352K, 91% used [0x00000000c0000000,0x00000000ccc4a2e8,0x00000000cdf00000)
 Metaspace       used 71177K, committed 72576K, reserved 1114112K
  class space    used 7498K, committed 8128K, reserved 1048576K
}
Event: 65.322 GC heap before
{Heap before GC invocations=415 (full 14):
 PSYoungGen      total 8192K, used 8192K [0x00000000eab00000, 0x00000000eb580000, 0x0000000100000000)
  eden space 6656K, 100% used [0x00000000eab00000,0x00000000eb180000,0x00000000eb180000)
  from space 1536K, 100% used [0x00000000eb200000,0x00000000eb380000,0x00000000eb380000)
  to   space 2048K, 0% used [0x00000000eb380000,0x00000000eb380000,0x00000000eb580000)
 ParOldGen       total 228352K, used 209192K [0x00000000c0000000, 0x00000000cdf00000, 0x00000000eab00000)
  object space 228352K, 91% used [0x00000000c0000000,0x00000000ccc4a2e8,0x00000000cdf00000)
 Metaspace       used 71215K, committed 72576K, reserved 1114112K
  class space    used 7500K, committed 8128K, reserved 1048576K
}
Event: 65.326 GC heap after
{Heap after GC invocations=415 (full 14):
 PSYoungGen      total 8192K, used 1184K [0x00000000eab00000, 0x00000000eb500000, 0x0000000100000000)
  eden space 6656K, 0% used [0x00000000eab00000,0x00000000eab00000,0x00000000eb180000)
  from space 1536K, 77% used [0x00000000eb380000,0x00000000eb4a8000,0x00000000eb500000)
  to   space 1536K, 0% used [0x00000000eb200000,0x00000000eb200000,0x00000000eb380000)
 ParOldGen       total 228352K, used 210683K [0x00000000c0000000, 0x00000000cdf00000, 0x00000000eab00000)
  object space 228352K, 92% used [0x00000000c0000000,0x00000000ccdbeef8,0x00000000cdf00000)
 Metaspace       used 71215K, committed 72576K, reserved 1114112K
  class space    used 7500K, committed 8128K, reserved 1048576K
}

